<?xml version="1.0" encoding="UTF-8"?>
<coverage generated="1715435018518" clover="3.2.0">
  <project timestamp="1715435018518" name="All files">
    <metrics statements="3" coveredstatements="2" conditionals="2" coveredconditionals="0" methods="1" coveredmethods="0" elements="6" coveredelements="2" complexity="0" loc="3" ncloc="3" packages="1" files="1" classes="1"/>
    <file name="isobjectempty.js" path="C:\Users\ACER\Downloads\objectempty\isobjectempty.js">
      <metrics statements="3" coveredstatements="2" conditionals="2" coveredconditionals="0" methods="1" coveredmethods="0"/>
      <line num="1" count="1" type="stmt"/>
      <line num="2" count="0" type="cond" truecount="0" falsecount="2"/>
      <line num="5" count="1" type="stmt"/>
    </file>
  </project>
</coverage>
