{"C:\\Users\\ACER\\Downloads\\objectempty\\isobjectempty.js": {"path":"C:\\Users\\ACER\\Downloads\\objectempty\\isobjectempty.js","statementMap":{"0":{"start":{"line":1,"column":16},"end":{"line":3,"column":1}},"1":{"start":{"line":2,"column":4},"end":{"line":2,"column":73}},"2":{"start":{"line":5,"column":0},"end":{"line":5,"column":25}}},"fnMap":{"0":{"name":"(anonymous_0)","decl":{"start":{"line":1,"column":16},"end":{"line":1,"column":17}},"loc":{"start":{"line":1,"column":30},"end":{"line":3,"column":1}},"line":1}},"branchMap":{"0":{"loc":{"start":{"line":2,"column":11},"end":{"line":2,"column":72}},"type":"binary-expr","locations":[{"start":{"line":2,"column":11},"end":{"line":2,"column":42}},{"start":{"line":2,"column":46},"end":{"line":2,"column":72}}],"line":2}},"s":{"0":1,"1":0,"2":1},"f":{"0":0},"b":{"0":[0,0]},"_coverageSchema":"1a1c01bbd47fc00a2c39e90264f33305004495a9","hash":"01d88bce78921330d41315ad02b179e728fb601b"}
}
